Log file open, 06/19/17 18:01:20
LogInit:Display: Running engine for game: Final
LogPlatformFile: Not using cached read wrapper
LogInit:Display: RandInit(-590075233) SRandInit(-590075233).
LogTaskGraph: Started task graph with 5 named threads and 8 total threads with 1 sets of task threads.
LogStats: Stats thread started at 0.070134
LogInit: Using libcurl 7.47.1
LogInit:  - built for x86_64-pc-win32
LogInit:  - supports SSL with OpenSSL/1.0.2g
LogInit:  - supports HTTP deflate (compression) using libz 1.2.8
LogInit:  - other features:
LogInit:      CURL_VERSION_SSL
LogInit:      CURL_VERSION_LIBZ
LogInit:      CURL_VERSION_IPV6
LogInit:      CURL_VERSION_ASYNCHDNS
LogInit:      CURL_VERSION_LARGEFILE
LogInit:      CURL_VERSION_IDN
LogInit:  CurlRequestOptions (configurable via config and command line):
LogInit:  - bVerifyPeer = false  - Libcurl will NOT verify peer certificate
LogInit:  - bUseHttpProxy = false  - Libcurl will NOT use HTTP proxy
LogInit:  - bDontReuseConnections = false  - Libcurl will reuse connections
LogInit:  - CertBundlePath = nullptr  - Libcurl will use whatever was configured at build time.
LogInit: Build: ++UE4+Release-4.15-CL-3299760
LogInit: Engine Version: 4.15.0-3299760+++UE4+Release-4.15
LogInit: Compatible Engine Version: 4.15.0-3299760+++UE4+Release-4.15
LogInit: Net CL: 3299760
LogDevObjectVersion: Number of dev versions registered: 14
LogDevObjectVersion:   Dev-Blueprints (B0D832E4-1F89-4F0D-ACCF-7EB736FD4AA2): 8
LogDevObjectVersion:   Dev-Build (E1C64328-A22C-4D53-A36C-8E866417BD8C): 0
LogDevObjectVersion:   Dev-Core (375EC13C-06E4-48FB-B500-84F0262A717E): 2
LogDevObjectVersion:   Dev-Editor (E4B068ED-F494-42E9-A231-DA0B2E46BB41): 14
LogDevObjectVersion:   Dev-Framework (CFFC743F-43B0-4480-9391-14DF171D2073): 22
LogDevObjectVersion:   Dev-Mobile (B02B49B5-BB20-44E9-A304-32B752E40360): 0
LogDevObjectVersion:   Dev-Networking (A4E4105C-59A1-49B5-A7C5-40C4547EDFEE): 0
LogDevObjectVersion:   Dev-Online (39C831C9-5AE6-47DC-9A44-9C173E1C8E7C): 0
LogDevObjectVersion:   Dev-Physics (78F01B33-EBEA-4F98-B9B4-84EACCB95AA2): 0
LogDevObjectVersion:   Dev-Platform (6631380F-2D4D-43E0-8009-CF276956A95A): 0
LogDevObjectVersion:   Dev-Rendering (12F88B9F-8875-4AFC-A67C-D90C383ABD29): 12
LogDevObjectVersion:   Dev-Sequencer (7B5AE74C-D270-4C10-A958-57980B212A5A): 3
LogDevObjectVersion:   Dev-VR (D7296918-1DD6-4BDD-9DE2-64A83CC13884): 0
LogDevObjectVersion:   Dev-LoadTimes (C2A15278-BFE7-4AFE-6C17-90FF531DF755): 1
LogInit: Compiled (64-bit): Feb 14 2017 02:04:14
LogInit: Compiled with Visual C++: 19.00.23026.00
LogInit: Build Configuration: Development
LogInit: Branch Name: ++UE4+Release-4.15
LogInit: Command line:  
LogInit: Base directory: C:/Program Files/Epic Games/UE_4.15/Engine/Binaries/Win64/
LogInit: Installed Engine Build: 1
LogInit: Presizing for max 8388607 objects, including 0 objects not considered by GC, pre-allocating 0 bytes for permanent pool.
LogInit: Object subsystem initialized
[2017.06.19-09.01.20:911][  0]LogInit: Selected Device Profile: [Windows]
[2017.06.19-09.01.20:911][  0]LogInit: Applying CVar settings loaded from the selected device profile: [Windows]
[2017.06.19-09.01.20:920][  0]LogInit: Computer: DESKTOP-FU2J2BG
[2017.06.19-09.01.20:920][  0]LogInit: User: 36
[2017.06.19-09.01.20:920][  0]LogInit: CPU Page size=65536, Cores=4
[2017.06.19-09.01.20:920][  0]LogInit: High frequency timer resolution =3.328118 MHz
[2017.06.19-09.01.20:921][  0]LogMemory: Memory total: Physical=7.9GB (8GB approx)
[2017.06.19-09.01.20:921][  0]LogMemory: Platform Memory Stats for Windows
[2017.06.19-09.01.20:921][  0]LogMemory: Process Physical Memory: 263.42 MB used, 263.42 MB peak
[2017.06.19-09.01.20:921][  0]LogMemory: Process Virtual Memory: 262.52 MB used, 262.52 MB peak
[2017.06.19-09.01.20:921][  0]LogMemory: Physical Memory: 2801.62 MB used,  5338.93 MB free, 8140.54 MB total
[2017.06.19-09.01.20:921][  0]LogMemory: Virtual Memory: 644.18 MB used,  5338.93 MB free, 134217728.00 MB total
[2017.06.19-09.01.20:986][  0]LogTextLocalizationManager: No specific translations for ('ko-KR') exist, so ('ko') translations will be used.
[2017.06.19-09.01.21:018][  0]LogTextLocalizationManager:Warning: Loaded localization resources contain conflicting entries for (Namespace:KismetSchema, Key:Default):
Localization Resource: (C:/Program Files/Epic Games/UE_4.15/Engine/Content/Localization/EditorTutorials/ko/EditorTutorials.locres) Source String Hash: (940523119) Localized String: (디폴트)
Localization Resource: (C:/Program Files/Epic Games/UE_4.15/Engine/Content/Localization/Engine/ko/Engine.locres) Source String Hash: (940523119) Localized String: (기본)
[2017.06.19-09.01.21:018][  0]LogTextLocalizationManager:Warning: Loaded localization resources contain conflicting entries for (Namespace:UObjectToolTips, Key:AnimNode_AssetPlayerBase:InternalTimeAccumulator):
Localization Resource: (C:/Program Files/Epic Games/UE_4.15/Engine/Content/Localization/EditorTutorials/ko/EditorTutorials.locres) Source String Hash: (502993589) Localized String: (이 노드에서 애셋을 레퍼런싱하는 데 사용되는 누적 시간입니다.)
Localization Resource: (C:/Program Files/Epic Games/UE_4.15/Engine/Content/Localization/Engine/ko/Engine.locres) Source String Hash: (502993589) Localized String: (이 노드에서 애셋을 레퍼런싱하는 데 사용된 누적 시간입니다.)
[2017.06.19-09.01.21:018][  0]LogTextLocalizationManager:Warning: Loaded localization resources contain conflicting entries for (Namespace:UObjectToolTips, Key:AnimNode_AssetPlayerBase:bIgnoreForRelevancyTest):
Localization Resource: (C:/Program Files/Epic Games/UE_4.15/Engine/Content/Localization/EditorTutorials/ko/EditorTutorials.locres) Source String Hash: (319969718) Localized String: (True 면, 스테이트에서 최고 가중치 애니메이션을 찾는 "Relevant anim" 노드는 이 노드를 무시합니다.
 )
Localization Resource: (C:/Program Files/Epic Games/UE_4.15/Engine/Content/Localization/Engine/ko/Engine.locres) Source String Hash: (319969718) Localized String: (True 면 스테이트 내 최고 웨이팅된 애니메이션을 찾는 "Relevant anim" 노드가 무시됩니다.
 )
[2017.06.19-09.01.21:018][  0]LogTextLocalizationManager:Warning: Loaded localization resources contain conflicting entries for (Namespace:UObjectToolTips, Key:AnimNode_AssetPlayerBase:BlendWeight):
Localization Resource: (C:/Program Files/Epic Games/UE_4.15/Engine/Content/Localization/EditorTutorials/ko/EditorTutorials.locres) Source String Hash: (-1232800293) Localized String: (이 노드에 마지막 걸린 블렌드웨이트 입니다.)
Localization Resource: (C:/Program Files/Epic Games/UE_4.15/Engine/Content/Localization/Engine/ko/Engine.locres) Source String Hash: (-1232800293) Localized String: (이 노드에 대해 마지막 접한 블렌드 웨이트)
[2017.06.19-09.01.21:264][  0]LogD3D11RHI: D3D11 adapters:
[2017.06.19-09.01.21:296][  0]LogD3D11RHI:    0. 'NVIDIA GeForce GTX 1060 3GB' (Feature Level 11_0)
[2017.06.19-09.01.21:296][  0]LogD3D11RHI:       3035/0/4070 MB DedicatedVideo/DedicatedSystem/SharedSystem, Outputs:1, VendorId:0x10de
[2017.06.19-09.01.21:297][  0]LogD3D11RHI:    1. 'Microsoft Basic Render Driver' (Feature Level 11_0)
[2017.06.19-09.01.21:297][  0]LogD3D11RHI:       0/0/4070 MB DedicatedVideo/DedicatedSystem/SharedSystem, Outputs:0, VendorId:0x1414
[2017.06.19-09.01.21:297][  0]LogD3D11RHI: Chosen D3D11 Adapter: 0
[2017.06.19-09.01.21:300][  0]LogD3D11RHI: Creating new Direct3DDevice
[2017.06.19-09.01.21:300][  0]LogD3D11RHI:     GPU DeviceId: 0x1c02 (for the marketing name, search the web for "GPU Device Id")
[2017.06.19-09.01.21:300][  0]LogWindows: EnumDisplayDevices:
[2017.06.19-09.01.21:300][  0]LogWindows:    0. 'NVIDIA GeForce GTX 1060 3GB' (P:1 D:1)
[2017.06.19-09.01.21:300][  0]LogWindows:    1. 'NVIDIA GeForce GTX 1060 3GB' (P:0 D:0)
[2017.06.19-09.01.21:300][  0]LogWindows:    2. 'NVIDIA GeForce GTX 1060 3GB' (P:0 D:0)
[2017.06.19-09.01.21:301][  0]LogWindows:    3. 'NVIDIA GeForce GTX 1060 3GB' (P:0 D:0)
[2017.06.19-09.01.21:301][  0]LogWindows: DebugString: FoundDriverCount:4 
[2017.06.19-09.01.21:301][  0]LogD3D11RHI:     Adapter Name: NVIDIA GeForce GTX 1060 3GB
[2017.06.19-09.01.21:301][  0]LogD3D11RHI:   Driver Version: 376.53 (internal:21.21.13.7653, unified:376.53)
[2017.06.19-09.01.21:301][  0]LogD3D11RHI:      Driver Date: 12-29-2016
[2017.06.19-09.01.21:301][  0]LogRHI: Texture pool is 1361 MB (70% of 1945 MB)
[2017.06.19-09.01.21:318][  0]LogD3D11RHI: Async texture creation enabled
[2017.06.19-09.01.21:327][  0]LogD3D11RHI: GPU Timing Frequency: 1000.000000 (Debug: 2 1)
[2017.06.19-09.01.21:377][  0]LogShaderCompilers: Guid format shader working directory is 3 characters bigger than the processId version (../../../../../../Users/36/Desktop/Final/Intermediate/Shaders/WorkingDirectory/2720/).
[2017.06.19-09.01.21:377][  0]LogShaderCompilers: Cleaned the shader compiler working directory 'C:/Users/36/AppData/Local/Temp/UnrealShaderWorkingDir/F17B0AE14E89A70BE20DDAA688DBAAE2/'.
[2017.06.19-09.01.21:377][  0]LogShaderCompilers:Display: Using Local Shader Compiler.
[2017.06.19-09.01.22:239][  0]LogTemp:Display: Loaded TP AllDesktopTargetPlatform
[2017.06.19-09.01.22:282][  0]LogTemp:Display: Loaded TP MacClientTargetPlatform
[2017.06.19-09.01.22:327][  0]LogTemp:Display: Loaded TP MacNoEditorTargetPlatform
[2017.06.19-09.01.22:371][  0]LogTemp:Display: Loaded TP MacServerTargetPlatform
[2017.06.19-09.01.22:414][  0]LogTemp:Display: Loaded TP MacTargetPlatform
[2017.06.19-09.01.22:458][  0]LogTemp:Display: Loaded TP WindowsClientTargetPlatform
[2017.06.19-09.01.22:501][  0]LogTemp:Display: Loaded TP WindowsNoEditorTargetPlatform
[2017.06.19-09.01.22:542][  0]LogTemp:Display: Loaded TP WindowsServerTargetPlatform
[2017.06.19-09.01.22:577][  0]LogTemp:Display: Loaded TP WindowsTargetPlatform
[2017.06.19-09.01.22:619][  0]LogTemp:Display: Loaded TP AndroidTargetPlatform
[2017.06.19-09.01.22:661][  0]LogTemp:Display: Loaded TP Android_ASTCTargetPlatform
[2017.06.19-09.01.22:702][  0]LogTemp:Display: Loaded TP Android_ATCTargetPlatform
[2017.06.19-09.01.22:743][  0]LogTemp:Display: Loaded TP Android_DXTTargetPlatform
[2017.06.19-09.01.22:784][  0]LogTemp:Display: Loaded TP Android_ETC1TargetPlatform
[2017.06.19-09.01.22:825][  0]LogTemp:Display: Loaded TP Android_ETC2TargetPlatform
[2017.06.19-09.01.22:907][  0]LogTemp:Display: Loaded TP Android_MultiTargetPlatform
[2017.06.19-09.01.22:907][  0]LogTemp:Display: Loaded TP Android_PVRTCTargetPlatform
[2017.06.19-09.01.22:936][  0]LogTemp:Display: Loaded TP HTML5TargetPlatform
[2017.06.19-09.01.23:016][  0]LogTemp:Display: Loaded TP IOSTargetPlatform
[2017.06.19-09.01.23:043][  0]LogTemp:Display: Loaded TP TVOSTargetPlatform
[2017.06.19-09.01.23:086][  0]LogTemp:Display: Loaded TP LinuxClientTargetPlatform
[2017.06.19-09.01.23:128][  0]LogTemp:Display: Loaded TP LinuxNoEditorTargetPlatform
[2017.06.19-09.01.23:171][  0]LogTemp:Display: Loaded TP LinuxServerTargetPlatform
[2017.06.19-09.01.23:213][  0]LogTemp:Display: Loaded TP LinuxTargetPlatform
[2017.06.19-09.01.23:213][  0]LogTargetPlatformManager:Display: Building Assets For Windows
[2017.06.19-09.01.23:565][  0]LogDerivedDataCache:Display: Max Cache Size: 512 MB
[2017.06.19-09.01.23:614][  0]LogDerivedDataCache: Loaded boot cache 0.05s 50MB C:/Users/36/AppData/Local/UnrealEngine/4.15/DerivedDataCache/Boot.ddc.
[2017.06.19-09.01.23:614][  0]LogDerivedDataCache:Display: Loaded Boot cache: C:/Users/36/AppData/Local/UnrealEngine/4.15/DerivedDataCache/Boot.ddc
[2017.06.19-09.01.23:614][  0]LogDerivedDataCache: FDerivedDataBackendGraph:  Pak pak cache file ../../../../../../Users/36/Desktop/Final/DerivedDataCache/DDC.ddp not found, will not use a pak cache.
[2017.06.19-09.01.23:614][  0]LogDerivedDataCache: Unable to find inner node Pak for hierarchical cache Hierarchy.
[2017.06.19-09.01.23:614][  0]LogDerivedDataCache: FDerivedDataBackendGraph:  CompressedPak pak cache file ../../../../../../Users/36/Desktop/Final/DerivedDataCache/Compressed.ddp not found, will not use a pak cache.
[2017.06.19-09.01.23:614][  0]LogDerivedDataCache: Unable to find inner node CompressedPak for hierarchical cache Hierarchy.
[2017.06.19-09.01.23:628][  0]LogDerivedDataCache:Display: Pak cache opened for reading ../../../Engine/DerivedDataCache/Compressed.ddp.
[2017.06.19-09.01.23:640][  0]LogDerivedDataCache: Using Local data cache path C:/Users/36/AppData/Local/UnrealEngine/Common/DerivedDataCache: Writable
[2017.06.19-09.01.23:646][  0]LogSlate: Using Freetype 2.6.0
[2017.06.19-09.01.23:647][  0]LogSlate: SlateFontCache - WITH_FREETYPE: 1, WITH_HARFBUZZ: 1
[2017.06.19-09.01.23:647][  0]LogSlate: SlateFontCache - WITH_FREETYPE: 1, WITH_HARFBUZZ: 1
[2017.06.19-09.01.23:838][  0]LogInit: Selected Device Profile: [Windows]
[2017.06.19-09.01.23:840][  0]LogContentStreaming: Texture pool size is 0.00 MB
[2017.06.19-09.01.24:000][  0]LogMeshUtilities: Using QuadricMeshReduction for automatic static mesh reduction
[2017.06.19-09.01.24:035][  0]LogSimplygon: Simplygon DLL not present - disabling.
[2017.06.19-09.01.24:072][  0]LogMeshUtilities: Using SimplygonSwarm for distributed automatic mesh merging
[2017.06.19-09.01.24:072][  0]LogMeshUtilities: No automatic skeletal mesh reduction module available
[2017.06.19-09.01.24:072][  0]LogMeshUtilities: No automatic mesh merging module available
[2017.06.19-09.01.24:513][  0]LogNetVersion: GetLocalNetworkVersion: CL: 3299760, ProjectName: final, ProjectVersion: , EngineNetworkVersion: 2, GameNetworkVersion: 0, NetworkChecksum: 210554964
[2017.06.19-09.01.24:555][  0]LogAssetRegistry: FAssetRegistry took 0.0216 seconds to start up
[2017.06.19-09.01.24:602][  0]LogPackageLocalizationCache: Processed 3 localized package path(s) for 2 prioritized culture(s) in 0.028371 seconds
[2017.06.19-09.01.24:606][  0]LogUObjectArray: 32475 objects as part of root set at end of initial load.
[2017.06.19-09.01.24:606][  0]LogUObjectAllocator: 7073368 out of 0 bytes used by permanent object pool.
[2017.06.19-09.01.24:606][  0]LogUObjectArray: CloseDisregardForGC: 0/0 objects in disregard for GC pool
[2017.06.19-09.01.24:658][  0]LogInit: WinSock: version 1.1 (2.2), MaxSocks=32767, MaxUdp=65467
[2017.06.19-09.01.25:910][  0]LogTcpMessaging: Initializing TcpMessaging bridge
[2017.06.19-09.01.25:945][  0]LogUdpMessaging: Initializing bridge on interface 0.0.0.0:0 to multicast group 230.0.0.1:6666.
[2017.06.19-09.01.26:318][  0]LogMaterial: Uniform references updated for custom material expression Custom.
[2017.06.19-09.01.26:620][  0]SourceControl: 정보 소스 콘트롤이 꺼졌습니다.
[2017.06.19-09.01.26:646][  0]SourceControl: 정보 소스 콘트롤이 꺼졌습니다.
[2017.06.19-09.01.26:683][  0]SourceControl: 정보 소스 콘트롤이 꺼졌습니다.
[2017.06.19-09.01.26:721][  0]SourceControl: 정보 소스 콘트롤이 꺼졌습니다.
[2017.06.19-09.01.27:705][  0]LogEngine: Initializing Engine...
[2017.06.19-09.01.27:705][  0]LogHMD: Failed to initialize OpenVR with code 110
[2017.06.19-09.01.27:884][  0]LogAIModule: Creating AISystem for world Untitled
[2017.06.19-09.01.27:890][  0]LogInit: XAudio2 using 'Speakers(Realtek High Definition Audio)' : 2 channels at 48 kHz using 32 bits per sample (channel mask 0x3)
[2017.06.19-09.01.27:913][  0]LogInit: FAudioDevice initialized.
[2017.06.19-09.01.27:938][  0]LogDerivedDataCache: Saved boot cache 0.03s 50MB C:/Users/36/AppData/Local/UnrealEngine/4.15/DerivedDataCache/Boot.ddc.
[2017.06.19-09.01.27:944][  0]LogInit: Texture streaming: Enabled
[2017.06.19-09.01.28:019][  0]LogEngineSessionManager: EngineSessionManager initialized
[2017.06.19-09.01.28:019][  0]LogEngineSessionManager: EngineSessionManager sent abnormal shutdown report. Type=Crashed, SessionId={AEBB2F8D-4324-0973-29AC-CE84E2964090}
[2017.06.19-09.01.28:086][  0]LogInit: Transaction tracking system initialized
[2017.06.19-09.01.28:358][  0]BlueprintLog: New page: 에디터 로드
[2017.06.19-09.01.29:045][  0]LocalizationService: 정보 현지화 서비스가 비활성화되었습니다.
[2017.06.19-09.01.29:579][  0]LogConsoleResponse:Display: 
[2017.06.19-09.01.29:685][  0]LogCook:Display: Max memory allowance for cook 16384mb min free memory 0mb
[2017.06.19-09.01.29:685][  0]LogCook:Display: Mobile HDR setting 1
[2017.06.19-09.01.30:153][  0]LogFileCache: Scanning file cache for directory 'C:/Users/36/Desktop/Final/Content/' took 0.01s
[2017.06.19-09.01.30:505][  0]SourceControl: 정보 소스 콘트롤이 꺼졌습니다.
[2017.06.19-09.01.30:505][  0]Cmd: MAP LOAD FILE="../../../../../../Users/36/Desktop/Final/Content/FinalExamMap.umap" TEMPLATE=0 SHOWPROGRESS=1 FEATURELEVEL=3
[2017.06.19-09.01.30:506][  0]LightingResults: New page: 라이팅 빌드
[2017.06.19-09.01.30:537][  0]MapCheck: New page: 맵 체크
[2017.06.19-09.01.30:537][  0]LightingResults: New page: 라이팅 빌드
[2017.06.19-09.01.30:724][  0]LogAIModule: Creating AISystem for world FinalExamMap
[2017.06.19-09.01.30:730][  0]LogEditorServer: Finished looking for orphan Actors (0.000 secs)
[2017.06.19-09.01.30:731][  0]Cmd: MAP CHECKDEP NOCLEARLOG
[2017.06.19-09.01.30:762][  0]MapCheck: 정보 맵 체크 완료: 오류 0 회, 경고 0 회, 소요 시간 30.331ms.
[2017.06.19-09.01.30:762][  0]LogFileHelpers: Loading map 'FinalExamMap' took 0.257
[2017.06.19-09.01.30:817][  0]LogWindowsTextInputMethodSystem:Display: IME system now activated using TSF (Microsoft 입력기).
[2017.06.19-09.01.30:911][  0]LogCollectionManager: Loaded 0 collections in 0.001385 seconds
[2017.06.19-09.01.30:984][  0]LogFileCache: Scanning file cache for directory 'C:/Users/36/Desktop/Final/Saved/Collections/' took 0.01s
[2017.06.19-09.01.30:984][  0]LogFileCache: Scanning file cache for directory 'C:/Users/36/Desktop/Final/Content/Developers/36/Collections/' took 0.01s
[2017.06.19-09.01.30:984][  0]LogFileCache: Scanning file cache for directory 'C:/Users/36/Desktop/Final/Content/Collections/' took 0.01s
[2017.06.19-09.01.30:984][  0]LogCollectionManager: Rebuilt the GUID cache for 0 collections in 0.000001 seconds
[2017.06.19-09.01.30:991][  0]LogContentBrowser: Native class hierarchy populated in 0.0069 seconds. Added 2244 classes and 450 folders.
[2017.06.19-09.01.30:993][  0]LogStats: UGameplayTagsManager::ConstructGameplayTagTree: Construct from data asset -  0.000 s
[2017.06.19-09.01.30:993][  0]LogStats: UGameplayTagsManager::ConstructGameplayTagTree: GameplayTagTreeChangedEvent.Broadcast -  0.000 s
[2017.06.19-09.01.31:042][  0]LogContentBrowser: Native class hierarchy updated for 'WidgetCarousel' in 0.0004 seconds. Added 0 classes and 0 folders.
[2017.06.19-09.01.31:076][  0]LogContentBrowser: Native class hierarchy updated for 'AddContentDialog' in 0.0004 seconds. Added 0 classes and 0 folders.
[2017.06.19-09.01.31:109][  0]LogContentBrowser: Native class hierarchy updated for 'SceneOutliner' in 0.0004 seconds. Added 1 classes and 2 folders.
[2017.06.19-09.01.31:198][  0]LogCrashTracker: Crashtracker disabled due to settings.
[2017.06.19-09.01.31:204][  0]LogUObjectGlobals:Warning: 'Class 없음.' 오브젝트를 찾는 데 실패했습니다.
[2017.06.19-09.01.31:261][  0]LogContentBrowser: Native class hierarchy updated for 'HierarchicalLODOutliner' in 0.0007 seconds. Added 1 classes and 2 folders.
[2017.06.19-09.01.31:261][  0]LogLoad: (Engine Initialization) Total time: 11.97 seconds
[2017.06.19-09.01.31:261][  0]LogLoad: (Engine Initialization) Total Blueprint compile time: 0.07 seconds
[2017.06.19-09.01.31:261][  0]LogExternalProfiler: Found external profiler: VSPerf
[2017.06.19-09.01.31:261][  0]LogExternalProfiler: Using external profiler: VSPerf
[2017.06.19-09.01.31:273][  0]LogOcInput: OculusInput pre-init called
[2017.06.19-09.01.31:286][  0]LogAssetRegistry: Asset discovery search completed in 6.7538 seconds
[2017.06.19-09.01.31:287][  0]LogCollectionManager: Rebuilt the object cache for 0 collections in 0.000002 seconds (found 0 objects)
[2017.06.19-09.01.31:287][  0]LogCollectionManager: Fixed up redirectors for 0 collections in 0.000014 seconds (updated 0 objects)
[2017.06.19-09.01.31:291][  0]LogContentStreaming: Texture pool size now 1000 MB
[2017.06.19-09.01.31:298][  0]LogSlate: Took 0.000119 seconds to synchronously load lazily loaded font '../../../Engine/Content/Slate/Fonts/Roboto-Regular.ttf' (155K)
[2017.06.19-09.01.31:302][  0]LogSlate: Took 0.002863 seconds to synchronously load lazily loaded font '../../../Engine/Content/Slate/Fonts/NanumGothic.ttf' (4243K)
[2017.06.19-09.01.31:303][  0]LogSlate: Took 0.000132 seconds to synchronously load lazily loaded font '../../../Engine/Content/Slate/Fonts/Roboto-Bold.ttf' (160K)
[2017.06.19-09.01.31:308][  0]LogSlate: Took 0.000106 seconds to synchronously load lazily loaded font '../../../Engine/Content/Editor/Slate/Fonts/FontAwesome.ttf' (139K)
[2017.06.19-09.01.31:397][  0]LogSlate: Took 0.000148 seconds to synchronously load lazily loaded font '../../../Engine/Content/Slate/Fonts/Roboto-Light.ttf' (159K)
[2017.06.19-09.01.31:456][  0]LogRenderer: Reallocating scene render targets to support 672x540 NumSamples 1 (Frame:2).
[2017.06.19-09.01.32:283][ 84]LogSlate: Took 0.000155 seconds to synchronously load lazily loaded font '../../../Engine/Content/Slate/Fonts/Roboto-Light.ttf' (159K)
[2017.06.19-09.02.05:761][ 75]LogSlate: Took 0.000165 seconds to synchronously load lazily loaded font '../../../Engine/Content/Slate/Fonts/Roboto-Light.ttf' (159K)
[2017.06.19-09.02.06:128][ 75]LogContentBrowser: Native class hierarchy updated for 'BlueprintGraph' in 0.0007 seconds. Added 112 classes and 0 folders.
[2017.06.19-09.02.06:589][ 75]LogSlate: Took 0.000233 seconds to synchronously load lazily loaded font '../../../Engine/Content/Slate/Fonts/Roboto-Regular.ttf' (155K)
[2017.06.19-09.02.06:664][ 75]LogSlate: Took 0.000255 seconds to synchronously load lazily loaded font '../../../Engine/Content/Editor/Slate/Fonts/Roboto-BoldCondensed.ttf' (158K)
[2017.06.19-09.02.06:813][ 76]LogSlate: Took 0.000252 seconds to synchronously load lazily loaded font '../../../Engine/Content/Editor/Slate/Fonts/Roboto-Italic.ttf' (157K)
[2017.06.19-09.02.07:832][169]LogContentBrowser: Native class hierarchy updated for 'SkeletonEditor' in 0.0004 seconds. Added 1 classes and 2 folders.
[2017.06.19-09.02.07:946][169]LogActorComponent: RegisterComponentWithWorld: (/Engine/Transient.World_3:PersistentLevel.Actor_0.DebugSkelMeshComponent_0) Already registered. Aborting.
[2017.06.19-09.02.07:979][169]LogSkeletalMesh: USkeletalMeshComponent::InitArticulated : Bodies already created (/Engine/Transient.World_3:PersistentLevel.Actor_0.DebugSkelMeshComponent_0) - call TermArticulated first.
[2017.06.19-09.02.08:136][170]LogRenderer: Reallocating scene render targets to support 760x540 NumSamples 1 (Frame:4362).
[2017.06.19-09.02.32:570][ 58]Cmd: OBJ SAVEPACKAGE PACKAGE="/Game/HeroBP" FILE="../../../../../../Users/36/Desktop/Final/Content/HeroBP.uasset" SILENT=true
[2017.06.19-09.02.32:618][ 58]LogSavePackage: Save=40.63ms
[2017.06.19-09.02.32:618][ 58]LogSavePackage: Moving '../../../../../../Users/36/Desktop/Final/Saved/HeroBP405144314AD55A8E05A4C8915F072B25.tmp' to '../../../../../../Users/36/Desktop/Final/Content/HeroBP.uasset'
[2017.06.19-09.02.32:621][ 58]LogSavePackage:Display: Finished SavePackage ../../../../../../Users/36/Desktop/Final/Content/HeroBP.uasset
[2017.06.19-09.02.38:225][728]LogTemp: Repeting last play command: 선택된 뷰포트
[2017.06.19-09.02.38:239][728]LogPlayLevel: PlayLevel: No blueprints needed recompiling
[2017.06.19-09.02.38:239][728]PIE: New page: PIE 세션: FinalExamMap (2017. 6. 20. 오전 3:02:38)
[2017.06.19-09.02.38:239][728]LogPlayLevel: Creating play world package: /Game/UEDPIE_0_FinalExamMap
[2017.06.19-09.02.38:241][728]LogPlayLevel: PIE: StaticDuplicateObject took: (0.001783s)
[2017.06.19-09.02.38:241][728]LogAIModule: Creating AISystem for world FinalExamMap
[2017.06.19-09.02.38:241][728]LogPlayLevel: PIE: World Init took: (0.000791s)
[2017.06.19-09.02.38:241][728]LogPlayLevel: PIE: Created PIE world by copying editor world from /Game/FinalExamMap.FinalExamMap to /Game/UEDPIE_0_FinalExamMap.FinalExamMap (0.002791s)
[2017.06.19-09.02.38:256][728]LogInit: XAudio2 using 'Speakers(Realtek High Definition Audio)' : 2 channels at 48 kHz using 32 bits per sample (channel mask 0x3)
[2017.06.19-09.02.38:263][728]LogInit: FAudioDevice initialized.
[2017.06.19-09.02.38:315][728]LogLoad: Game class is 'ShooterGameMode_C'
[2017.06.19-09.02.38:317][728]LogWorld: Bringing World /Game/UEDPIE_0_FinalExamMap.FinalExamMap up for play (max tick rate 0) at 2017.06.19-18.02.38
[2017.06.19-09.02.38:317][728]LogWorld: Bringing up level for play took: 0.000807
[2017.06.19-09.02.38:350][728]LogContentBrowser: Native class hierarchy updated for 'MovieSceneCapture' in 0.0004 seconds. Added 11 classes and 0 folders.
[2017.06.19-09.02.38:352][728]PIE: 정보 /Game/UEDPIE_0_FinalExamMap 에 대한 에디터에서 플레이 시작 시간: 0.285
[2017.06.19-09.03.48:223][612]LogActorComponent: RegisterComponentWithWorld: (/Engine/Transient.World_9:PersistentLevel.Actor_1.DebugSkelMeshComponent_2) Already registered. Aborting.
[2017.06.19-09.03.48:318][612]LogSkeletalMesh: USkeletalMeshComponent::InitArticulated : Bodies already created (/Engine/Transient.World_9:PersistentLevel.Actor_1.DebugSkelMeshComponent_2) - call TermArticulated first.
[2017.06.19-09.04.08:185][925]BlueprintLog: New page: AnimationBP 컴파일
[2017.06.19-09.04.08:793][979]Cmd: OBJ SAVEPACKAGE PACKAGE="/Game/Animation/AnimationBP" FILE="../../../../../../Users/36/Desktop/Final/Content/Animation/AnimationBP.uasset" SILENT=true
[2017.06.19-09.04.08:841][979]LogSavePackage: Save=36.20ms
[2017.06.19-09.04.08:841][979]LogSavePackage: Moving '../../../../../../Users/36/Desktop/Final/Saved/AnimationBP4F0867064291472851BAFD98705BC47E.tmp' to '../../../../../../Users/36/Desktop/Final/Content/Animation/AnimationBP.uasset'
[2017.06.19-09.04.08:844][979]LogSavePackage:Display: Finished SavePackage ../../../../../../Users/36/Desktop/Final/Content/Animation/AnimationBP.uasset
[2017.06.19-09.04.25:088][907]LogSlate: Took 0.000151 seconds to synchronously load lazily loaded font '../../../Engine/Content/Editor/Slate/Fonts/Roboto-BoldCondensedItalic.ttf' (160K)
[2017.06.19-09.04.26:793][105]BlueprintLog: New page: AnimationBP 컴파일
[2017.06.19-09.04.27:661][187]Cmd: OBJ SAVEPACKAGE PACKAGE="/Game/Animation/AnimationBP" FILE="../../../../../../Users/36/Desktop/Final/Content/Animation/AnimationBP.uasset" SILENT=true
[2017.06.19-09.04.27:697][187]LogSavePackage: Save=32.89ms
[2017.06.19-09.04.27:697][187]LogSavePackage: Moving '../../../../../../Users/36/Desktop/Final/Saved/AnimationBP8867ACA94315508773DAFAA84C21A020.tmp' to '../../../../../../Users/36/Desktop/Final/Content/Animation/AnimationBP.uasset'
[2017.06.19-09.04.27:700][187]LogSavePackage:Display: Finished SavePackage ../../../../../../Users/36/Desktop/Final/Content/Animation/AnimationBP.uasset
[2017.06.19-09.04.31:838][674]BlueprintLog: New page: AnimationBP 컴파일
[2017.06.19-09.04.32:417][724]Cmd: OBJ SAVEPACKAGE PACKAGE="/Game/Animation/AnimationBP" FILE="../../../../../../Users/36/Desktop/Final/Content/Animation/AnimationBP.uasset" SILENT=true
[2017.06.19-09.04.32:453][724]LogSavePackage: Save=31.87ms
[2017.06.19-09.04.32:453][724]LogSavePackage: Moving '../../../../../../Users/36/Desktop/Final/Saved/AnimationBP15B727854AD23E4CB60BC4BCA24DF13E.tmp' to '../../../../../../Users/36/Desktop/Final/Content/Animation/AnimationBP.uasset'
[2017.06.19-09.04.32:456][724]LogSavePackage:Display: Finished SavePackage ../../../../../../Users/36/Desktop/Final/Content/Animation/AnimationBP.uasset
[2017.06.19-09.04.54:103][830]LogRenderer: Reallocating scene render targets to support 760x668 NumSamples 1 (Frame:17676).
[2017.06.19-09.05.36:851][889]BlueprintLog: New page: HeroBP 컴파일
[2017.06.19-09.05.37:698][937]Cmd: OBJ SAVEPACKAGE PACKAGE="/Game/HeroBP" FILE="../../../../../../Users/36/Desktop/Final/Content/HeroBP.uasset" SILENT=true
[2017.06.19-09.05.37:740][937]LogSavePackage: Save=38.98ms
[2017.06.19-09.05.37:740][937]LogSavePackage: Moving '../../../../../../Users/36/Desktop/Final/Saved/HeroBP93885B4E42CDD86EFDF360B64F4AE30C.tmp' to '../../../../../../Users/36/Desktop/Final/Content/HeroBP.uasset'
[2017.06.19-09.05.37:743][937]LogSavePackage:Display: Finished SavePackage ../../../../../../Users/36/Desktop/Final/Content/HeroBP.uasset
[2017.06.19-09.06.37:752][ 33]BlueprintLog: New page: HeroBP 컴파일
[2017.06.19-09.06.38:476][ 91]Cmd: OBJ SAVEPACKAGE PACKAGE="/Game/HeroBP" FILE="../../../../../../Users/36/Desktop/Final/Content/HeroBP.uasset" SILENT=true
[2017.06.19-09.06.38:520][ 91]LogSavePackage: Save=40.46ms
[2017.06.19-09.06.38:520][ 91]LogSavePackage: Moving '../../../../../../Users/36/Desktop/Final/Saved/HeroBP056C872F42B4CBEA0C88DDBF0D22E590.tmp' to '../../../../../../Users/36/Desktop/Final/Content/HeroBP.uasset'
[2017.06.19-09.06.38:523][ 91]LogSavePackage:Display: Finished SavePackage ../../../../../../Users/36/Desktop/Final/Content/HeroBP.uasset
[2017.06.19-09.06.55:414][104]BlueprintLog: New page: HeroBP 컴파일
[2017.06.19-09.06.56:075][155]Cmd: OBJ SAVEPACKAGE PACKAGE="/Game/HeroBP" FILE="../../../../../../Users/36/Desktop/Final/Content/HeroBP.uasset" SILENT=true
[2017.06.19-09.06.56:119][155]LogSavePackage: Save=40.94ms
[2017.06.19-09.06.56:119][155]LogSavePackage: Moving '../../../../../../Users/36/Desktop/Final/Saved/HeroBP4C67E45D487920C29C9B6D83172F6748.tmp' to '../../../../../../Users/36/Desktop/Final/Content/HeroBP.uasset'
[2017.06.19-09.06.56:122][155]LogSavePackage:Display: Finished SavePackage ../../../../../../Users/36/Desktop/Final/Content/HeroBP.uasset
[2017.06.19-09.07.09:656][768]LogEditorTransaction: Undo Enum 핀 값 변경
[2017.06.19-09.07.09:676][768]LogActorComponent: RegisterComponentWithWorld: (/Engine/Transient.World_9:PersistentLevel.Actor_1.DebugSkelMeshComponent_2) Already registered. Aborting.
[2017.06.19-09.07.16:016][520]BlueprintLog: New page: HeroBP 컴파일
[2017.06.19-09.07.16:517][552]Cmd: OBJ SAVEPACKAGE PACKAGE="/Game/HeroBP" FILE="../../../../../../Users/36/Desktop/Final/Content/HeroBP.uasset" SILENT=true
[2017.06.19-09.07.16:561][552]LogSavePackage: Save=40.47ms
[2017.06.19-09.07.16:561][552]LogSavePackage: Moving '../../../../../../Users/36/Desktop/Final/Saved/HeroBP256B95204C3E0FC3C68271AA464D9153.tmp' to '../../../../../../Users/36/Desktop/Final/Content/HeroBP.uasset'
[2017.06.19-09.07.16:564][552]LogSavePackage:Display: Finished SavePackage ../../../../../../Users/36/Desktop/Final/Content/HeroBP.uasset
[2017.06.19-09.07.29:491][ 80]LogAnimation:Warning: AnimBP AnimationBP_C is incompatible with skeleton SK_FPGun_Skeleton, removing AnimBP from actor.
[2017.06.19-09.07.29:491][ 80]LogAnimation:Warning: AnimBP AnimationBP_C is incompatible with skeleton SK_FPGun_Skeleton, removing AnimBP from actor.
[2017.06.19-09.07.29:491][ 80]LogAnimation:Warning: AnimBP AnimationBP_C is incompatible with skeleton SK_FPGun_Skeleton, removing AnimBP from actor.
[2017.06.19-09.07.52:749][855]BlueprintLog: New page: HeroBP 컴파일
[2017.06.19-09.07.53:952][952]Cmd: OBJ SAVEPACKAGE PACKAGE="/Game/HeroBP" FILE="../../../../../../Users/36/Desktop/Final/Content/HeroBP.uasset" SILENT=true
[2017.06.19-09.07.54:000][952]LogSavePackage: Save=41.46ms
[2017.06.19-09.07.54:000][952]LogSavePackage: Moving '../../../../../../Users/36/Desktop/Final/Saved/HeroBP17AADB0C40C8C2DE9AD19FAC497CE30F.tmp' to '../../../../../../Users/36/Desktop/Final/Content/HeroBP.uasset'
[2017.06.19-09.07.54:003][952]LogSavePackage:Display: Finished SavePackage ../../../../../../Users/36/Desktop/Final/Content/HeroBP.uasset
[2017.06.19-09.08.12:848][191]BlueprintLog: New page: HeroBP 컴파일
[2017.06.19-09.08.13:498][241]Cmd: OBJ SAVEPACKAGE PACKAGE="/Game/HeroBP" FILE="../../../../../../Users/36/Desktop/Final/Content/HeroBP.uasset" SILENT=true
[2017.06.19-09.08.13:542][241]LogSavePackage: Save=40.82ms
[2017.06.19-09.08.13:543][241]LogSavePackage: Moving '../../../../../../Users/36/Desktop/Final/Saved/HeroBP20EACC424D267BB38571CDA43E9D81FD.tmp' to '../../../../../../Users/36/Desktop/Final/Content/HeroBP.uasset'
[2017.06.19-09.08.13:546][241]LogSavePackage:Display: Finished SavePackage ../../../../../../Users/36/Desktop/Final/Content/HeroBP.uasset
[2017.06.19-09.08.37:055][ 42]BlueprintLog: New page: HeroBP 컴파일
[2017.06.19-09.08.38:363][137]Cmd: OBJ SAVEPACKAGE PACKAGE="/Game/HeroBP" FILE="../../../../../../Users/36/Desktop/Final/Content/HeroBP.uasset" SILENT=true
[2017.06.19-09.08.38:416][137]LogSavePackage: Save=50.14ms
[2017.06.19-09.08.38:417][137]LogSavePackage: Moving '../../../../../../Users/36/Desktop/Final/Saved/HeroBP31D0F3FC4624F844FDD87FB0E16CAB28.tmp' to '../../../../../../Users/36/Desktop/Final/Content/HeroBP.uasset'
[2017.06.19-09.08.38:419][137]LogSavePackage:Display: Finished SavePackage ../../../../../../Users/36/Desktop/Final/Content/HeroBP.uasset
[2017.06.19-09.08.45:985][ 38]LogEditorTransaction: Undo 노드 이동
[2017.06.19-09.08.46:000][ 38]LogActorComponent: RegisterComponentWithWorld: (/Engine/Transient.World_9:PersistentLevel.Actor_1.DebugSkelMeshComponent_2) Already registered. Aborting.
[2017.06.19-09.08.46:697][117]LogEditorTransaction: Undo 노드 이동
[2017.06.19-09.08.46:711][117]LogActorComponent: RegisterComponentWithWorld: (/Engine/Transient.World_9:PersistentLevel.Actor_1.DebugSkelMeshComponent_2) Already registered. Aborting.
[2017.06.19-09.08.46:859][131]LogEditorTransaction: Undo 컴포넌트 변경
[2017.06.19-09.08.46:883][131]LogActorComponent: RegisterComponentWithWorld: (/Engine/Transient.World_9:PersistentLevel.Actor_1.DebugSkelMeshComponent_2) Already registered. Aborting.
[2017.06.19-09.08.47:006][141]LogEditorTransaction: Undo 컴포넌트 변경
[2017.06.19-09.08.47:016][141]LogActorComponent: RegisterComponentWithWorld: (/Engine/Transient.World_9:PersistentLevel.Actor_1.DebugSkelMeshComponent_2) Already registered. Aborting.
[2017.06.19-09.08.47:156][154]LogEditorTransaction: Undo 컴포넌트 변경
[2017.06.19-09.08.47:161][154]LogActorComponent: RegisterComponentWithWorld: (/Engine/Transient.World_9:PersistentLevel.Actor_1.DebugSkelMeshComponent_2) Already registered. Aborting.
[2017.06.19-09.08.47:308][168]LogEditorTransaction: Undo 컴포넌트 변경
[2017.06.19-09.08.47:318][168]LogActorComponent: RegisterComponentWithWorld: (/Engine/Transient.World_9:PersistentLevel.Actor_1.DebugSkelMeshComponent_2) Already registered. Aborting.
[2017.06.19-09.08.47:449][180]LogEditorTransaction: Undo 컴포넌트 변경
[2017.06.19-09.08.47:460][180]LogActorComponent: RegisterComponentWithWorld: (/Engine/Transient.World_9:PersistentLevel.Actor_1.DebugSkelMeshComponent_2) Already registered. Aborting.
[2017.06.19-09.08.47:598][193]LogEditorTransaction: Undo 핀 링크 생성
[2017.06.19-09.08.47:613][193]LogActorComponent: RegisterComponentWithWorld: (/Engine/Transient.World_9:PersistentLevel.Actor_1.DebugSkelMeshComponent_2) Already registered. Aborting.
[2017.06.19-09.08.47:765][207]LogEditorTransaction: Undo 핀 링크 생성
[2017.06.19-09.08.47:779][207]LogActorComponent: RegisterComponentWithWorld: (/Engine/Transient.World_9:PersistentLevel.Actor_1.DebugSkelMeshComponent_2) Already registered. Aborting.
[2017.06.19-09.08.47:910][219]LogEditorTransaction: Undo 핀 링크 생성
[2017.06.19-09.08.47:925][219]LogActorComponent: RegisterComponentWithWorld: (/Engine/Transient.World_9:PersistentLevel.Actor_1.DebugSkelMeshComponent_2) Already registered. Aborting.
[2017.06.19-09.08.48:072][233]LogEditorTransaction: Undo 핀 링크 생성
[2017.06.19-09.08.48:087][233]LogActorComponent: RegisterComponentWithWorld: (/Engine/Transient.World_9:PersistentLevel.Actor_1.DebugSkelMeshComponent_2) Already registered. Aborting.
[2017.06.19-09.08.48:217][245]LogEditorTransaction: Undo 핀 링크 끊기
[2017.06.19-09.08.48:231][245]LogActorComponent: RegisterComponentWithWorld: (/Engine/Transient.World_9:PersistentLevel.Actor_1.DebugSkelMeshComponent_2) Already registered. Aborting.
[2017.06.19-09.08.48:381][259]LogEditorTransaction: Undo 핀 링크 끊기
[2017.06.19-09.08.48:394][259]LogActorComponent: RegisterComponentWithWorld: (/Engine/Transient.World_9:PersistentLevel.Actor_1.DebugSkelMeshComponent_2) Already registered. Aborting.
[2017.06.19-09.08.48:543][273]LogEditorTransaction: Undo 현 선택을 삭제합니다.
[2017.06.19-09.08.48:557][273]LogActorComponent: RegisterComponentWithWorld: (/Engine/Transient.World_9:PersistentLevel.Actor_1.DebugSkelMeshComponent_2) Already registered. Aborting.
[2017.06.19-09.08.48:713][287]LogEditorTransaction: Undo 핀 링크 끊기
[2017.06.19-09.08.48:728][287]LogActorComponent: RegisterComponentWithWorld: (/Engine/Transient.World_9:PersistentLevel.Actor_1.DebugSkelMeshComponent_2) Already registered. Aborting.
[2017.06.19-09.08.48:885][302]LogEditorTransaction: Undo 핀 링크 끊기
[2017.06.19-09.08.48:899][302]LogActorComponent: RegisterComponentWithWorld: (/Engine/Transient.World_9:PersistentLevel.Actor_1.DebugSkelMeshComponent_2) Already registered. Aborting.
[2017.06.19-09.08.49:055][317]LogEditorTransaction: Undo 노드 이동
[2017.06.19-09.08.49:070][317]LogActorComponent: RegisterComponentWithWorld: (/Engine/Transient.World_9:PersistentLevel.Actor_1.DebugSkelMeshComponent_2) Already registered. Aborting.
[2017.06.19-09.08.49:228][332]LogEditorTransaction: Undo 컴포넌트 변경
[2017.06.19-09.08.49:230][332]PIE:Warning: 경고 AttachTo: 이미 '/Engine/Transient.World_2:PersistentLevel.HeroBP_C_12.Right' -> '/Engine/Transient.World_2:PersistentLevel.HeroBP_C_12.CharacterMesh0' 에 붙어있어 순환 관계가 생성됩니다. 중단합니다.
[2017.06.19-09.08.49:231][332]PIE:Warning: 경고 AttachTo: 이미 '/Engine/Transient.World_0:PersistentLevel.HeroBP_C_1.Right' -> '/Engine/Transient.World_0:PersistentLevel.HeroBP_C_1.CharacterMesh0' 에 붙어있어 순환 관계가 생성됩니다. 중단합니다.
[2017.06.19-09.08.49:239][332]LogActorComponent: RegisterComponentWithWorld: (/Engine/Transient.World_9:PersistentLevel.Actor_1.DebugSkelMeshComponent_2) Already registered. Aborting.
[2017.06.19-09.08.49:412][349]LogEditorTransaction: Undo 컴포넌트 변경
[2017.06.19-09.08.49:414][349]PIE:Warning: 경고 AttachTo: 이미 '/Engine/Transient.World_2:PersistentLevel.HeroBP_C_12.Right' -> '/Engine/Transient.World_2:PersistentLevel.HeroBP_C_12.CharacterMesh0' 에 붙어있어 순환 관계가 생성됩니다. 중단합니다.
[2017.06.19-09.08.49:416][349]PIE:Warning: 경고 AttachTo: 이미 '/Engine/Transient.World_0:PersistentLevel.HeroBP_C_1.Right' -> '/Engine/Transient.World_0:PersistentLevel.HeroBP_C_1.CharacterMesh0' 에 붙어있어 순환 관계가 생성됩니다. 중단합니다.
[2017.06.19-09.08.49:422][349]LogActorComponent: RegisterComponentWithWorld: (/Engine/Transient.World_9:PersistentLevel.Actor_1.DebugSkelMeshComponent_2) Already registered. Aborting.
[2017.06.19-09.08.49:596][366]LogEditorTransaction: Undo Anim Class 편집
